This is pdfTeX, Version 3.141592653-2.6-1.40.27 (TeX Live 2025) (preloaded format=pdflatex 2025.3.8)  20 JAN 2026 22:02
entering extended mode
 restricted \write18 enabled.
 file:line:error style messages enabled.
 %&-line parsing enabled.
**Cottaris_mRGCmosaicModelRevision.tex
(./Cottaris_mRGCmosaicModelRevision.tex
LaTeX2e <2024-11-01> patch level 2
L3 programming layer <2025-01-18>
(./sn-jnl.cls
Document Class: sn-jnl 2019/11/18 v0.1: An authoring template for Springer Jour
nal articles
(/usr/local/texlive/2025/texmf-dist/tex/latex/base/article.cls
Document Class: article 2024/06/29 v1.4n Standard LaTeX document class
(/usr/local/texlive/2025/texmf-dist/tex/latex/base/fleqn.clo
File: fleqn.clo 2016/12/29 v1.2b Standard LaTeX option (flush left equations)
\mathindent=\skip49
Applying: [2015/01/01] Make \[ robust on input line 50.
LaTeX Info: Redefining \[ on input line 51.
Already applied: [0000/00/00] Make \[ robust on input line 62.
Applying: [2015/01/01] Make \] robust on input line 74.
LaTeX Info: Redefining \] on input line 75.
Already applied: [0000/00/00] Make \] robust on input line 83.
)
(/usr/local/texlive/2025/texmf-dist/tex/latex/base/size10.clo
File: size10.clo 2024/06/29 v1.4n Standard LaTeX file (size option)
)
\c@part=\count196
\c@section=\count197
\c@subsection=\count198
\c@subsubsection=\count199
\c@paragraph=\count266
\c@subparagraph=\count267
\c@figure=\count268
\c@table=\count269
\abovecaptionskip=\skip50
\belowcaptionskip=\skip51
\bibindent=\dimen141
)
LaTeX Info: Redefining \rm on input line 146.
LaTeX Info: Redefining \sf on input line 147.
LaTeX Info: Redefining \tt on input line 148.
LaTeX Info: Redefining \bf on input line 149.
LaTeX Info: Redefining \it on input line 150.
LaTeX Info: Redefining \sl on input line 151.
LaTeX Info: Redefining \sc on input line 152.
LaTeX Info: Redefining \cal on input line 153.
LaTeX Info: Redefining \mit on input line 154.
LaTeX Info: Redefining \textsubscript on input line 212.
\columnhsize=\skip52

(/usr/local/texlive/2025/texmf-dist/tex/latex/geometry/geometry.sty
Package: geometry 2020/01/02 v5.9 Page Geometry

(/usr/local/texlive/2025/texmf-dist/tex/latex/graphics/keyval.sty
Package: keyval 2022/05/29 v1.15 key=value parser (DPC)
\KV@toks@=\toks17
)
(/usr/local/texlive/2025/texmf-dist/tex/generic/iftex/ifvtex.sty
Package: ifvtex 2019/10/25 v1.7 ifvtex legacy package. Use iftex instead.

(/usr/local/texlive/2025/texmf-dist/tex/generic/iftex/iftex.sty
Package: iftex 2024/12/12 v1.0g TeX engine tests
))
\Gm@cnth=\count270
\Gm@cntv=\count271
\c@Gm@tempcnt=\count272
\Gm@bindingoffset=\dimen142
\Gm@wd@mp=\dimen143
\Gm@odd@mp=\dimen144
\Gm@even@mp=\dimen145
\Gm@layoutwidth=\dimen146
\Gm@layoutheight=\dimen147
\Gm@layouthoffset=\dimen148
\Gm@layoutvoffset=\dimen149
\Gm@dimlist=\toks18
)
\artcatbox=\box52
\aucount=\count273
\corraucount=\count274
\punctcount=\count275
\emailcnt=\count276
\c@affn=\count277
\addcount=\count278
\PacsCount=\count279
\PacsTmpCnt=\count280
\FMremarkdim=\dimen150
\fmremarkbox=\box53

(/usr/local/texlive/2025/texmf-dist/tex/latex/sttools/cuted.sty
Package: cuted 2021/10/04 v2.0 Mixing onecolumn and twocolumn modes
\At@ViperColsBreak=\toks19
\preCutedStrip=\toks20
\postCutedStrip=\toks21
\cuted@@tempbox@a=\box54
\cuted@@tempbox@c=\box55
\cuted@@tempbox@var=\box56
\hold@viper=\box57
\@viper=\box58
\cuted@@varbox@a=\box59
\cuted@@varbox@c=\box60
\cuted@@tempdim@spread=\dimen151
\cuted@@tempdim@a=\dimen152
\cuted@@tempdim@b=\dimen153
\ht@hold@viper=\dimen154
\ht@viper=\dimen155
\var@@pagediscards@ht=\dimen156
\stripsep=\skip53
\viper@penalty=\count281
)
\firstpagehtcheck=\dimen157
\labelwidthi=\dimen158
\labelwidthii=\dimen159
\labelwidthiii=\dimen160
\labelwidthiv=\dimen161
\figwidth=\dimen162
\figheight=\dimen163
\sidecapwidth=\dimen164
\wrapcapline=\dimen165
\totalwrapline=\dimen166
\wraptotline=\dimen167
\figurebox=\box61
\wrapfigcapbox=\box62
\figcapbox=\box63
\capbox=\box64
\headwidthskip=\skip54
\tabcapbox=\box65
\temptbox=\box66
\tempdime=\dimen168
\tabhtdime=\dimen169

(/usr/local/texlive/2025/texmf-dist/tex/latex/graphics/rotating.sty
Package: rotating 2016/08/11 v2.16d rotated objects in LaTeX

(/usr/local/texlive/2025/texmf-dist/tex/latex/graphics/graphicx.sty
Package: graphicx 2021/09/16 v1.2d Enhanced LaTeX Graphics (DPC,SPQR)

(/usr/local/texlive/2025/texmf-dist/tex/latex/graphics/graphics.sty
Package: graphics 2024/08/06 v1.4g Standard LaTeX Graphics (DPC,SPQR)

(/usr/local/texlive/2025/texmf-dist/tex/latex/graphics/trig.sty
Package: trig 2023/12/02 v1.11 sin cos tan (DPC)
)
(/usr/local/texlive/2025/texmf-dist/tex/latex/graphics-cfg/graphics.cfg
File: graphics.cfg 2016/06/04 v1.11 sample graphics configuration
)
Package graphics Info: Driver file: pdftex.def on input line 106.

(/usr/local/texlive/2025/texmf-dist/tex/latex/graphics-def/pdftex.def
File: pdftex.def 2024/04/13 v1.2c Graphics/color driver for pdftex
))
\Gin@req@height=\dimen170
\Gin@req@width=\dimen171
)
(/usr/local/texlive/2025/texmf-dist/tex/latex/base/ifthen.sty
Package: ifthen 2024/03/16 v1.1e Standard LaTeX ifthen package (DPC)
)
\c@r@tfl@t=\count282
\rotFPtop=\skip55
\rotFPbot=\skip56
\rot@float@box=\box67
\rot@mess@toks=\toks22
)
(/usr/local/texlive/2025/texmf-dist/tex/latex/threeparttable/threeparttable.sty
Package: threeparttable 2003/06/13  v 3.0
\@tempboxb=\box68
) (/usr/local/texlive/2025/texmf-dist/tex/latex/appendix/appendix.sty
Package: appendix 2020/02/08 v1.2c extra appendix facilities
\c@@pps=\count283
\c@@ppsavesec=\count284
\c@@ppsaveapp=\count285
)
(/usr/local/texlive/2025/texmf-dist/tex/latex/hyperref/hyperref.sty
Package: hyperref 2024-11-05 v7.01l Hypertext links for LaTeX

(/usr/local/texlive/2025/texmf-dist/tex/latex/kvsetkeys/kvsetkeys.sty
Package: kvsetkeys 2022-10-05 v1.19 Key value parser (HO)
)
(/usr/local/texlive/2025/texmf-dist/tex/generic/kvdefinekeys/kvdefinekeys.sty
Package: kvdefinekeys 2019-12-19 v1.6 Define keys (HO)
)
(/usr/local/texlive/2025/texmf-dist/tex/generic/pdfescape/pdfescape.sty
Package: pdfescape 2019/12/09 v1.15 Implements pdfTeX's escape features (HO)

(/usr/local/texlive/2025/texmf-dist/tex/generic/ltxcmds/ltxcmds.sty
Package: ltxcmds 2023-12-04 v1.26 LaTeX kernel commands for general use (HO)
)
(/usr/local/texlive/2025/texmf-dist/tex/generic/pdftexcmds/pdftexcmds.sty
Package: pdftexcmds 2020-06-27 v0.33 Utility functions of pdfTeX for LuaTeX (HO
)

(/usr/local/texlive/2025/texmf-dist/tex/generic/infwarerr/infwarerr.sty
Package: infwarerr 2019/12/03 v1.5 Providing info/warning/error messages (HO)
)
Package pdftexcmds Info: \pdf@primitive is available.
Package pdftexcmds Info: \pdf@ifprimitive is available.
Package pdftexcmds Info: \pdfdraftmode found.
))
(/usr/local/texlive/2025/texmf-dist/tex/latex/hycolor/hycolor.sty
Package: hycolor 2020-01-27 v1.10 Color options for hyperref/bookmark (HO)
)
(/usr/local/texlive/2025/texmf-dist/tex/latex/hyperref/nameref.sty
Package: nameref 2023-11-26 v2.56 Cross-referencing by name of section

(/usr/local/texlive/2025/texmf-dist/tex/latex/refcount/refcount.sty
Package: refcount 2019/12/15 v3.6 Data extraction from label references (HO)
)
(/usr/local/texlive/2025/texmf-dist/tex/generic/gettitlestring/gettitlestring.s
ty
Package: gettitlestring 2019/12/15 v1.6 Cleanup title references (HO)
 (/usr/local/texlive/2025/texmf-dist/tex/latex/kvoptions/kvoptions.sty
Package: kvoptions 2022-06-15 v3.15 Key value format for package options (HO)
))
\c@section@level=\count286
)
(/usr/local/texlive/2025/texmf-dist/tex/latex/etoolbox/etoolbox.sty
Package: etoolbox 2025/02/11 v2.5l e-TeX tools for LaTeX (JAW)
\etb@tempcnta=\count287
)
(/usr/local/texlive/2025/texmf-dist/tex/generic/stringenc/stringenc.sty
Package: stringenc 2019/11/29 v1.12 Convert strings between diff. encodings (HO
)
)
\@linkdim=\dimen172
\Hy@linkcounter=\count288
\Hy@pagecounter=\count289

(/usr/local/texlive/2025/texmf-dist/tex/latex/hyperref/pd1enc.def
File: pd1enc.def 2024-11-05 v7.01l Hyperref: PDFDocEncoding definition (HO)
Now handling font encoding PD1 ...
... no UTF-8 mapping file for font encoding PD1
)
(/usr/local/texlive/2025/texmf-dist/tex/generic/intcalc/intcalc.sty
Package: intcalc 2019/12/15 v1.3 Expandable calculations with integers (HO)
)
\Hy@SavedSpaceFactor=\count290

(/usr/local/texlive/2025/texmf-dist/tex/latex/hyperref/puenc.def
File: puenc.def 2024-11-05 v7.01l Hyperref: PDF Unicode definition (HO)
Now handling font encoding PU ...
... no UTF-8 mapping file for font encoding PU
)
Package hyperref Info: Hyper figures OFF on input line 4157.
Package hyperref Info: Link nesting OFF on input line 4162.
Package hyperref Info: Hyper index ON on input line 4165.
Package hyperref Info: Plain pages OFF on input line 4172.
Package hyperref Info: Backreferencing OFF on input line 4177.
Package hyperref Info: Implicit mode ON; LaTeX internals redefined.
Package hyperref Info: Bookmarks ON on input line 4424.
\c@Hy@tempcnt=\count291

(/usr/local/texlive/2025/texmf-dist/tex/latex/url/url.sty
\Urlmuskip=\muskip17
Package: url 2013/09/16  ver 3.4  Verb mode for urls, etc.
)
LaTeX Info: Redefining \url on input line 4763.
\XeTeXLinkMargin=\dimen173

(/usr/local/texlive/2025/texmf-dist/tex/generic/bitset/bitset.sty
Package: bitset 2019/12/09 v1.3 Handle bit-vector datatype (HO)

(/usr/local/texlive/2025/texmf-dist/tex/generic/bigintcalc/bigintcalc.sty
Package: bigintcalc 2019/12/15 v1.5 Expandable calculations on big integers (HO
)
))
\Fld@menulength=\count292
\Field@Width=\dimen174
\Fld@charsize=\dimen175
Package hyperref Info: Hyper figures OFF on input line 6042.
Package hyperref Info: Link nesting OFF on input line 6047.
Package hyperref Info: Hyper index ON on input line 6050.
Package hyperref Info: backreferencing OFF on input line 6057.
Package hyperref Info: Link coloring OFF on input line 6062.
Package hyperref Info: Link coloring with OCG OFF on input line 6067.
Package hyperref Info: PDF/A mode OFF on input line 6072.

(/usr/local/texlive/2025/texmf-dist/tex/latex/base/atbegshi-ltx.sty
Package: atbegshi-ltx 2021/01/10 v1.0c Emulation of the original atbegshi
package with kernel methods
)
\Hy@abspage=\count293
\c@Item=\count294
\c@Hfootnote=\count295
)
Package hyperref Info: Driver (autodetected): hpdftex.

(/usr/local/texlive/2025/texmf-dist/tex/latex/hyperref/hpdftex.def
File: hpdftex.def 2024-11-05 v7.01l Hyperref driver for pdfTeX

(/usr/local/texlive/2025/texmf-dist/tex/latex/base/atveryend-ltx.sty
Package: atveryend-ltx 2020/08/19 v1.0a Emulation of the original atveryend pac
kage
with kernel methods
)
\Fld@listcount=\count296
\c@bookmark@seq@number=\count297

(/usr/local/texlive/2025/texmf-dist/tex/latex/rerunfilecheck/rerunfilecheck.sty
Package: rerunfilecheck 2022-07-10 v1.10 Rerun checks for auxiliary files (HO)

(/usr/local/texlive/2025/texmf-dist/tex/generic/uniquecounter/uniquecounter.sty
Package: uniquecounter 2019/12/15 v1.4 Provide unlimited unique counter (HO)
)
Package uniquecounter Info: New unique counter `rerunfilecheck' on input line 2
85.
)
\Hy@SectionHShift=\skip57
)
Package hyperref Info: Option `colorlinks' set `true' on input line 1471.
Package hyperref Info: Option `breaklinks' set `true' on input line 1471.
Package hyperref Info: Option `plainpages' set `false' on input line 1471.
Package hyperref Info: Option `bookmarksopen' set `true' on input line 1471.
Package hyperref Info: Option `bookmarksnumbered' set `false' on input line 147
1.
 (/usr/local/texlive/2025/texmf-dist/tex/latex/wrapfig/wrapfig.sty
\wrapoverhang=\dimen176
\WF@size=\dimen177
\c@WF@wrappedlines=\count298
\WF@box=\box69
\WF@everypar=\toks23
Package: wrapfig 2003/01/31  v 3.6
)
\wraplines=\count299
\@authorfigbox=\box70
\@authorfigboxdim=\skip58
\biofigadjskip=\skip59

(/usr/local/texlive/2025/texmf-dist/tex/latex/amscls/amsthm.sty
Package: amsthm 2020/05/29 v2.20.6
\thm@style=\toks24
\thm@bodyfont=\toks25
\thm@headfont=\toks26
\thm@notefont=\toks27
\thm@headpunct=\toks28
\thm@preskip=\skip60
\thm@postskip=\skip61
\thm@headsep=\skip62
\dth@everypar=\toks29
)
(/usr/local/texlive/2025/texmf-dist/tex/latex/base/fix-cm.sty
Package: fix-cm 2020/11/24 v1.1t fixes to LaTeX

(/usr/local/texlive/2025/texmf-dist/tex/latex/base/ts1enc.def
File: ts1enc.def 2001/06/05 v3.0e (jk/car/fm) Standard LaTeX file
LaTeX Font Info:    Redeclaring font encoding TS1 on input line 47.
))
(/usr/local/texlive/2025/texmf-dist/tex/latex/natbib/natbib.sty
Package: natbib 2010/09/13 8.31b (PWD, AO)
\bibhang=\skip63
\bibsep=\skip64
LaTeX Info: Redefining \cite on input line 694.
\c@NAT@ctr=\count300
))
(/usr/local/texlive/2025/texmf-dist/tex/latex/multirow/multirow.sty
Package: multirow 2024/11/12 v2.9 Span multiple rows of a table
\multirow@colwidth=\skip65
\multirow@cntb=\count301
\multirow@dima=\skip66
\bigstrutjot=\dimen178
)
(/usr/local/texlive/2025/texmf-dist/tex/latex/amsmath/amsmath.sty
Package: amsmath 2024/11/05 v2.17t AMS math features
\@mathmargin=\skip67

For additional information on amsmath, use the `?' option.
(/usr/local/texlive/2025/texmf-dist/tex/latex/amsmath/amstext.sty
Package: amstext 2021/08/26 v2.01 AMS text

(/usr/local/texlive/2025/texmf-dist/tex/latex/amsmath/amsgen.sty
File: amsgen.sty 1999/11/30 v2.0 generic functions
\@emptytoks=\toks30
\ex@=\dimen179
))
(/usr/local/texlive/2025/texmf-dist/tex/latex/amsmath/amsbsy.sty
Package: amsbsy 1999/11/29 v1.2d Bold Symbols
\pmbraise@=\dimen180
)
(/usr/local/texlive/2025/texmf-dist/tex/latex/amsmath/amsopn.sty
Package: amsopn 2022/04/08 v2.04 operator names
)
\inf@bad=\count302
LaTeX Info: Redefining \frac on input line 233.
\uproot@=\count303
\leftroot@=\count304
LaTeX Info: Redefining \overline on input line 398.
LaTeX Info: Redefining \colon on input line 409.
\classnum@=\count305
\DOTSCASE@=\count306
LaTeX Info: Redefining \ldots on input line 495.
LaTeX Info: Redefining \dots on input line 498.
LaTeX Info: Redefining \cdots on input line 619.
\Mathstrutbox@=\box71
\strutbox@=\box72
LaTeX Info: Redefining \big on input line 721.
LaTeX Info: Redefining \Big on input line 722.
LaTeX Info: Redefining \bigg on input line 723.
LaTeX Info: Redefining \Bigg on input line 724.
\big@size=\dimen181
LaTeX Font Info:    Redeclaring font encoding OML on input line 742.
LaTeX Font Info:    Redeclaring font encoding OMS on input line 743.
\macc@depth=\count307
LaTeX Info: Redefining \bmod on input line 904.
LaTeX Info: Redefining \pmod on input line 909.
LaTeX Info: Redefining \smash on input line 939.
LaTeX Info: Redefining \relbar on input line 969.
LaTeX Info: Redefining \Relbar on input line 970.
\c@MaxMatrixCols=\count308
\dotsspace@=\muskip18
\c@parentequation=\count309
\dspbrk@lvl=\count310
\tag@help=\toks31
\row@=\count311
\column@=\count312
\maxfields@=\count313
\andhelp@=\toks32
\eqnshift@=\dimen182
\alignsep@=\dimen183
\tagshift@=\dimen184
\tagwidth@=\dimen185
\totwidth@=\dimen186
\lineht@=\dimen187
\@envbody=\toks33
\multlinegap=\skip68
\multlinetaggap=\skip69
\mathdisplay@stack=\toks34
LaTeX Info: Redefining \[ on input line 2953.
LaTeX Info: Redefining \] on input line 2954.
)
(/usr/local/texlive/2025/texmf-dist/tex/latex/amsfonts/amssymb.sty
Package: amssymb 2013/01/14 v3.01 AMS font symbols

(/usr/local/texlive/2025/texmf-dist/tex/latex/amsfonts/amsfonts.sty
Package: amsfonts 2013/01/14 v3.01 Basic AMSFonts support
\symAMSa=\mathgroup4
\symAMSb=\mathgroup5
LaTeX Font Info:    Redeclaring math symbol \hbar on input line 98.
LaTeX Font Info:    Overwriting math alphabet `\mathfrak' in version `bold'
(Font)                  U/euf/m/n --> U/euf/b/n on input line 106.
))
(/usr/local/texlive/2025/texmf-dist/tex/latex/jknapltx/mathrsfs.sty
Package: mathrsfs 1996/01/01 Math RSFS package v1.0 (jk)
\symrsfs=\mathgroup6
)
(/usr/local/texlive/2025/texmf-dist/tex/latex/xcolor/xcolor.sty
Package: xcolor 2024/09/29 v3.02 LaTeX color extensions (UK)

(/usr/local/texlive/2025/texmf-dist/tex/latex/graphics-cfg/color.cfg
File: color.cfg 2016/01/02 v1.6 sample color configuration
)
Package xcolor Info: Driver file: pdftex.def on input line 274.

(/usr/local/texlive/2025/texmf-dist/tex/latex/graphics/mathcolor.ltx)
Package xcolor Info: Model `cmy' substituted by `cmy0' on input line 1349.
Package xcolor Info: Model `hsb' substituted by `rgb' on input line 1353.
Package xcolor Info: Model `RGB' extended on input line 1365.
Package xcolor Info: Model `HTML' substituted by `rgb' on input line 1367.
Package xcolor Info: Model `Hsb' substituted by `hsb' on input line 1368.
Package xcolor Info: Model `tHsb' substituted by `hsb' on input line 1369.
Package xcolor Info: Model `HSB' substituted by `hsb' on input line 1370.
Package xcolor Info: Model `Gray' substituted by `gray' on input line 1371.
Package xcolor Info: Model `wave' substituted by `hsb' on input line 1372.
)
(/usr/local/texlive/2025/texmf-dist/tex/latex/base/textcomp.sty
Package: textcomp 2024/04/24 v2.1b Standard LaTeX package
)
(/usr/local/texlive/2025/texmf-dist/tex/latex/ncctools/manyfoot.sty
Package: manyfoot 2019/08/03 v1.11 Many Footnote Levels Package (NCC)

(/usr/local/texlive/2025/texmf-dist/tex/latex/ncctools/nccfoots.sty
Package: nccfoots 2005/02/03 v1.2 NCC Footnotes Package (NCC)
)
\MFL@columnwidth=\dimen188
)
(/usr/local/texlive/2025/texmf-dist/tex/latex/booktabs/booktabs.sty
Package: booktabs 2020/01/12 v1.61803398 Publication quality tables
\heavyrulewidth=\dimen189
\lightrulewidth=\dimen190
\cmidrulewidth=\dimen191
\belowrulesep=\dimen192
\belowbottomsep=\dimen193
\aboverulesep=\dimen194
\abovetopsep=\dimen195
\cmidrulesep=\dimen196
\cmidrulekern=\dimen197
\defaultaddspace=\dimen198
\@cmidla=\count314
\@cmidlb=\count315
\@aboverulesep=\dimen199
\@belowrulesep=\dimen256
\@thisruleclass=\count316
\@lastruleclass=\count317
\@thisrulewidth=\dimen257
)
(/usr/local/texlive/2025/texmf-dist/tex/latex/algorithms/algorithm.sty
Package: algorithm 2009/08/24 v0.1 Document Style `algorithm' - floating enviro
nment

(/usr/local/texlive/2025/texmf-dist/tex/latex/float/float.sty
Package: float 2001/11/08 v1.3d Float enhancements (AL)
\c@float@type=\count318
\float@exts=\toks35
\float@box=\box73
\@float@everytoks=\toks36
\@floatcapt=\box74
)
\@float@every@algorithm=\toks37
\c@algorithm=\count319
)
(/usr/local/texlive/2025/texmf-dist/tex/latex/algorithmicx/algorithmicx.sty
Package: algorithmicx 2005/04/27 v1.2 Algorithmicx

Document Style algorithmicx 1.2 - a greatly improved `algorithmic' style
\c@ALG@line=\count320
\c@ALG@rem=\count321
\c@ALG@nested=\count322
\ALG@tlm=\skip70
\ALG@thistlm=\skip71
\c@ALG@Lnr=\count323
\c@ALG@blocknr=\count324
\c@ALG@storecount=\count325
\c@ALG@tmpcounter=\count326
\ALG@tmplength=\skip72
) (/usr/local/texlive/2025/texmf-dist/tex/latex/algorithmicx/algpseudocode.sty
Package: algpseudocode 

Document Style - pseudocode environments for use with the `algorithmicx' style
) (/usr/local/texlive/2025/texmf-dist/tex/latex/listings/listings.sty
\lst@mode=\count327
\lst@gtempboxa=\box75
\lst@token=\toks38
\lst@length=\count328
\lst@currlwidth=\dimen258
\lst@column=\count329
\lst@pos=\count330
\lst@lostspace=\dimen259
\lst@width=\dimen260
\lst@newlines=\count331
\lst@lineno=\count332
\lst@maxwidth=\dimen261

(/usr/local/texlive/2025/texmf-dist/tex/latex/listings/lstpatch.sty
File: lstpatch.sty 2024/09/23 1.10c (Carsten Heinz)
)
(/usr/local/texlive/2025/texmf-dist/tex/latex/listings/lstmisc.sty
File: lstmisc.sty 2024/09/23 1.10c (Carsten Heinz)
\c@lstnumber=\count333
\lst@skipnumbers=\count334
\lst@framebox=\box76
)
(/usr/local/texlive/2025/texmf-dist/tex/latex/listings/listings.cfg
File: listings.cfg 2024/09/23 1.10c listings configuration
))
Package: listings 2024/09/23 1.10c (Carsten Heinz)

(/usr/local/texlive/2025/texmf-dist/tex/latex/framed/framed.sty
Package: framed 2011/10/22 v 0.96: framed or shaded text with page breaks
\OuterFrameSep=\skip73
\fb@frw=\dimen262
\fb@frh=\dimen263
\FrameRule=\dimen264
\FrameSep=\dimen265
)
\c@theorem=\count335
\c@example=\count336
\c@remark=\count337
\c@definition=\count338

(/usr/local/texlive/2025/texmf-dist/tex/latex/l3backend/l3backend-pdftex.def
File: l3backend-pdftex.def 2024-05-08 L3 backend support: PDF output (pdfTeX)
\l__color_backend_stack_int=\count339
\l__pdf_internal_box=\box77
)
(./Cottaris_mRGCmosaicModelRevision.aux)
\openout1 = `Cottaris_mRGCmosaicModelRevision.aux'.

LaTeX Font Info:    Checking defaults for OML/cmm/m/it on input line 94.
LaTeX Font Info:    ... okay on input line 94.
LaTeX Font Info:    Checking defaults for OMS/cmsy/m/n on input line 94.
LaTeX Font Info:    ... okay on input line 94.
LaTeX Font Info:    Checking defaults for OT1/cmr/m/n on input line 94.
LaTeX Font Info:    ... okay on input line 94.
LaTeX Font Info:    Checking defaults for T1/cmr/m/n on input line 94.
LaTeX Font Info:    ... okay on input line 94.
LaTeX Font Info:    Checking defaults for TS1/cmr/m/n on input line 94.
LaTeX Font Info:    ... okay on input line 94.
LaTeX Font Info:    Checking defaults for OMX/cmex/m/n on input line 94.
LaTeX Font Info:    ... okay on input line 94.
LaTeX Font Info:    Checking defaults for U/cmr/m/n on input line 94.
LaTeX Font Info:    ... okay on input line 94.
LaTeX Font Info:    Checking defaults for PD1/pdf/m/n on input line 94.
LaTeX Font Info:    ... okay on input line 94.
LaTeX Font Info:    Checking defaults for PU/pdf/m/n on input line 94.
LaTeX Font Info:    ... okay on input line 94.

*geometry* driver: auto-detecting
*geometry* detected driver: pdftex
*geometry* verbose mode - [ preamble ] result:
* driver: pdftex
* paper: custom
* layout: <same size as paper>
* layoutoffset:(h,v)=(0.0pt,0.0pt)
* bindingoffset: 17.07164pt
* modes: twoside 
* h-part:(L,W,R)=(83.37448pt, 372.0pt, 125.06175pt)
* v-part:(T,H,B)=(73.97716pt, 552.69478pt, 218.37491pt)
* \paperwidth=597.50787pt
* \paperheight=845.04684pt
* \textwidth=372.0pt
* \textheight=552.69478pt
* \oddsidemargin=28.17613pt
* \evensidemargin=52.79176pt
* \topmargin=-19.72638pt
* \headheight=5.5pt
* \headsep=15.93355pt
* \topskip=10.0pt
* \footskip=28.45274pt
* \marginparwidth=34.1433pt
* \marginparsep=14.22636pt
* \columnsep=14.22636pt
* \skip\footins=8.0pt plus 4.0pt
* \hoffset=0.0pt
* \voffset=0.0pt
* \mag=1000
* \@twocolumnfalse
* \@twosidetrue
* \@mparswitchtrue
* \@reversemargintrue
* (1in=72.27pt=25.4mm, 1cm=28.453pt)

(/usr/local/texlive/2025/texmf-dist/tex/context/base/mkii/supp-pdf.mkii
[Loading MPS to PDF converter (version 2006.09.02).]
\scratchcounter=\count340
\scratchdimen=\dimen266
\scratchbox=\box78
\nofMPsegments=\count341
\nofMParguments=\count342
\everyMPshowfont=\toks39
\MPscratchCnt=\count343
\MPscratchDim=\dimen267
\MPnumerator=\count344
\makeMPintoPDFobject=\count345
\everyMPtoPDFconversion=\toks40
) (/usr/local/texlive/2025/texmf-dist/tex/latex/epstopdf-pkg/epstopdf-base.sty
Package: epstopdf-base 2020-01-24 v2.11 Base part for package epstopdf
Package epstopdf-base Info: Redefining graphics rule for `.eps' on input line 4
85.

(/usr/local/texlive/2025/texmf-dist/tex/latex/latexconfig/epstopdf-sys.cfg
File: epstopdf-sys.cfg 2010/07/13 v1.3 Configuration of (r)epstopdf for TeX Liv
e
))
LaTeX Info: Redefining \S on input line 94.
LaTeX Font Info:    Redeclaring symbol font `AMSa' on input line 94.
LaTeX Font Info:    Overwriting symbol font `AMSa' in version `normal'
(Font)                  U/msa/m/n --> U/msa/m/n on input line 94.
LaTeX Font Info:    Overwriting symbol font `AMSa' in version `bold'
(Font)                  U/msa/m/n --> U/msa/m/n on input line 94.
Package hyperref Info: Link coloring ON on input line 94.

(./Cottaris_mRGCmosaicModelRevision.out)
(./Cottaris_mRGCmosaicModelRevision.out)
\@outlinefile=\write3
\openout3 = `Cottaris_mRGCmosaicModelRevision.out'.

\c@lstlisting=\count346
LaTeX Font Info:    Calculating math sizes for size <12.045> on input line 130.

LaTeX Font Info:    Trying to load font information for U+msa on input line 130
.

(/usr/local/texlive/2025/texmf-dist/tex/latex/amsfonts/umsa.fd
File: umsa.fd 2013/01/14 v3.01 AMS symbols A
)
LaTeX Font Info:    Trying to load font information for U+msb on input line 130
.

(/usr/local/texlive/2025/texmf-dist/tex/latex/amsfonts/umsb.fd
File: umsb.fd 2013/01/14 v3.01 AMS symbols B
)
LaTeX Font Info:    Trying to load font information for U+rsfs on input line 13
0.

(/usr/local/texlive/2025/texmf-dist/tex/latex/jknapltx/ursfs.fd
File: ursfs.fd 1998/03/24 rsfs font definition file (jk)
)

LaTeX Font Warning: Font shape `U/rsfs/m/n' in size <8.43146> not available
(Font)              size <8> substituted on input line 130.

LaTeX Font Info:    Calculating math sizes for size <11.04124> on input line 13
0.

LaTeX Font Warning: Font shape `U/rsfs/m/n' in size <5.52061> not available
(Font)              size <6> substituted on input line 130.

LaTeX Font Info:    Calculating math sizes for size <10.03749> on input line 13
0.



Underfull \vbox (badness 10000) has occurred while \output is active []

 [1

{/usr/local/texlive/2025/texmf-var/fonts/map/pdftex/updmap/pdftex.map}]


Underfull \vbox (badness 10000) has occurred while \output is active []

 [2]
<figure1.pdf, id=211, 1656.1875pt x 752.8125pt>
File: figure1.pdf Graphic file (type pdf)
<use figure1.pdf>
Package pdftex.def Info: figure1.pdf  used on input line 172.
(pdftex.def)             Requested size: 372.0pt x 169.08832pt.


LaTeX Warning: `h' float specifier changed to `ht'.




Underfull \vbox (badness 10000) has occurred while \output is active []

 [3]


Underfull \vbox (badness 10000) has occurred while \output is active []

 [4
pdfTeX warning (ext4): destination with the same identifier (name{figure.1}) ha
s been already used, duplicate ignored
<argument> ...shipout:D \box_use:N \l_shipout_box 
                                                  \__shipout_drop_firstpage_...
l.192     \item I
                 n section \ref{Section:Discussion}, we summarize our work, ...
{/usr/local/texlive/2025/texmf-dist/fonts/enc/dvips/cm-super/cm-super-ts1.enc} 
<./figure1.pdf>]
<figure2.pdf, id=544, 1505.625pt x 1606.0pt>
File: figure2.pdf Graphic file (type pdf)
<use figure2.pdf>
Package pdftex.def Info: figure2.pdf  used on input line 225.
(pdftex.def)             Requested size: 372.0pt x 396.79395pt.



Underfull \vbox (badness 10000) has occurred while \output is active []

 [5]


Underfull \vbox (badness 10000) has occurred while \output is active []

 [6
pdfTeX warning (ext4): destination with the same identifier (name{figure.2}) ha
s been already used, duplicate ignored
<argument> ...shipout:D \box_use:N \l_shipout_box 
                                                  \__shipout_drop_firstpage_...
l.257     \item \textbf
                       {Stage 2B}. This stage refines the center connections...
 <./figure2.pdf>]
<figure3.pdf, id=644, 1505.625pt x 1455.4375pt>
File: figure3.pdf Graphic file (type pdf)
<use figure3.pdf>
Package pdftex.def Info: figure3.pdf  used on input line 282.
(pdftex.def)             Requested size: 372.0pt x 359.59451pt.
<figure4.pdf, id=651, 1505.625pt x 1053.9375pt>
File: figure4.pdf Graphic file (type pdf)
<use figure4.pdf>
Package pdftex.def Info: figure4.pdf  used on input line 316.
(pdftex.def)             Requested size: 372.0pt x 260.39603pt.



Underfull \vbox (badness 10000) has occurred while \output is active []

 [7]


Underfull \vbox (badness 10000) has occurred while \output is active []

 [8
pdfTeX warning (ext4): destination with the same identifier (name{figure.3}) ha
s been already used, duplicate ignored
<argument> ...shipout:D \box_use:N \l_shipout_box 
                                                  \__shipout_drop_firstpage_...
l.326 B
       y varying $\phi$ we can examine the effect that cone-selective poolin...
 <./figure3.pdf>]
<figure5.pdf, id=684, 1505.625pt x 2107.875pt>
File: figure5.pdf Graphic file (type pdf)
<use figure5.pdf>
Package pdftex.def Info: figure5.pdf  used on input line 349.
(pdftex.def)             Requested size: 305.04272pt x 427.0675pt.



Underfull \vbox (badness 10000) has occurred while \output is active []

 [9
pdfTeX warning (ext4): destination with the same identifier (name{figure.4}) ha
s been already used, duplicate ignored
<argument> ...shipout:D \box_use:N \l_shipout_box 
                                                  \__shipout_drop_firstpage_...
l.363 
       <./figure4.pdf>]


Underfull \vbox (badness 10000) has occurred while \output is active []

 [10]

LaTeX Warning: Text page 11 contains only floats.


Overfull \vbox (5.67828pt too high) has occurred while \output is active []




Underfull \vbox (badness 10000) has occurred while \output is active []

 [11
pdfTeX warning (ext4): destination with the same identifier (name{figure.5}) ha
s been already used, duplicate ignored
<argument> ...shipout:D \box_use:N \l_shipout_box 
                                                  \__shipout_drop_firstpage_...
l.390 
       <./figure5.pdf>]


Underfull \vbox (badness 10000) has occurred while \output is active []

 [12]
<figure6.pdf, id=876, 1505.625pt x 1154.3125pt>
File: figure6.pdf Graphic file (type pdf)
<use figure6.pdf>
Package pdftex.def Info: figure6.pdf  used on input line 438.
(pdftex.def)             Requested size: 364.55841pt x 279.48892pt.


LaTeX Font Warning: Command \tiny invalid in math mode on input line 456.


LaTeX Font Warning: Command \tiny invalid in math mode on input line 456.




Underfull \vbox (badness 10000) has occurred while \output is active []

 [13]

LaTeX Font Warning: Command \tiny invalid in math mode on input line 464.




Underfull \vbox (badness 10000) has occurred while \output is active []

 [14
pdfTeX warning (ext4): destination with the same identifier (name{figure.6}) ha
s been already used, duplicate ignored
<argument> ...shipout:D \box_use:N \l_shipout_box 
                                                  \__shipout_drop_firstpage_...
l.465 
       <./figure6.pdf>]

LaTeX Font Warning: Command \tiny invalid in math mode on input line 468.


LaTeX Font Warning: Command \tiny invalid in math mode on input line 468.


LaTeX Font Warning: Command \tiny invalid in math mode on input line 468.


LaTeX Font Warning: Command \tiny invalid in math mode on input line 471.


LaTeX Font Warning: Command \tiny invalid in math mode on input line 471.


LaTeX Font Warning: Command \tiny invalid in math mode on input line 473.




Underfull \vbox (badness 10000) has occurred while \output is active []

 [15]


Underfull \vbox (badness 10000) has occurred while \output is active []

 [16]
<figure7.pdf, id=1166, 1505.625pt x 1756.5625pt>
File: figure7.pdf Graphic file (type pdf)
<use figure7.pdf>
Package pdftex.def Info: figure7.pdf  used on input line 560.
(pdftex.def)             Requested size: 353.39886pt x 412.28299pt.



Underfull \vbox (badness 10000) has occurred while \output is active []

 [17]

LaTeX Warning: Text page 18 contains only floats.




Underfull \vbox (badness 10000) has occurred while \output is active []

 [18
pdfTeX warning (ext4): destination with the same identifier (name{figure.7}) ha
s been already used, duplicate ignored
<argument> ...shipout:D \box_use:N \l_shipout_box 
                                                  \__shipout_drop_firstpage_...
l.572 T
       he cone pooling maps depicted in Figs~\ref{Fig:Results_SynthesizingMR...
 <./figure7.pdf>]
<figure8.pdf, id=1239, 1505.625pt x 1806.75pt>
File: figure8.pdf Graphic file (type pdf)
<use figure8.pdf>
Package pdftex.def Info: figure8.pdf  used on input line 597.
(pdftex.def)             Requested size: 308.76068pt x 370.49643pt.



Underfull \vbox (badness 10000) has occurred while \output is active []

 [19]

LaTeX Warning: Text page 20 contains only floats.


Overfull \vbox (6.10721pt too high) has occurred while \output is active []




Underfull \vbox (badness 10000) has occurred while \output is active []

 [20
pdfTeX warning (ext4): destination with the same identifier (name{figure.8}) ha
s been already used, duplicate ignored
<argument> ...shipout:D \box_use:N \l_shipout_box 
                                                  \__shipout_drop_firstpage_...
l.619 
       <./figure8.pdf>]


Underfull \vbox (badness 10000) has occurred while \output is active []

 [21]
<figure9.pdf, id=1376, 1505.625pt x 1304.875pt>
File: figure9.pdf Graphic file (type pdf)
<use figure9.pdf>
Package pdftex.def Info: figure9.pdf  used on input line 650.
(pdftex.def)             Requested size: 372.0pt x 322.39508pt.
<figure10.pdf, id=1385, 1505.625pt x 702.625pt>
File: figure10.pdf Graphic file (type pdf)
<use figure10.pdf>
Package pdftex.def Info: figure10.pdf  used on input line 681.
(pdftex.def)             Requested size: 372.0pt x 173.59735pt.



Underfull \vbox (badness 10000) has occurred while \output is active []

 [22]


Underfull \vbox (badness 10000) has occurred while \output is active []

 [23
pdfTeX warning (ext4): destination with the same identifier (name{figure.9}) ha
s been already used, duplicate ignored
<argument> ...shipout:D \box_use:N \l_shipout_box 
                                                  \__shipout_drop_firstpage_...
l.694 
       <./figure9.pdf>]
<figure11.pdf, id=1464, 1505.625pt x 2007.5pt>
File: figure11.pdf Graphic file (type pdf)
<use figure11.pdf>
Package pdftex.def Info: figure11.pdf  used on input line 713.
(pdftex.def)             Requested size: 342.23932pt x 456.32407pt.



Underfull \vbox (badness 10000) has occurred while \output is active []

 [24
pdfTeX warning (ext4): destination with the same identifier (name{figure.10}) h
as been already used, duplicate ignored
<argument> ...shipout:D \box_use:N \l_shipout_box 
                                                  \__shipout_drop_firstpage_...
l.729 
       <./figure10.pdf>]
<figure12.pdf, id=1509, 1505.625pt x 1927.2pt>
File: figure12.pdf Graphic file (type pdf)
<use figure12.pdf>
Package pdftex.def Info: figure12.pdf  used on input line 749.
(pdftex.def)             Requested size: 334.79773pt x 428.54335pt.



Underfull \vbox (badness 10000) has occurred while \output is active []

 [25]

LaTeX Warning: Text page 26 contains only floats.


Overfull \vbox (6.43484pt too high) has occurred while \output is active []




Underfull \vbox (badness 10000) has occurred while \output is active []

 [26
pdfTeX warning (ext4): destination with the same identifier (name{figure.11}) h
as been already used, duplicate ignored
<argument> ...shipout:D \box_use:N \l_shipout_box 
                                                  \__shipout_drop_firstpage_...
l.767 
       <./figure11.pdf>]

LaTeX Warning: Text page 27 contains only floats.


Overfull \vbox (7.15413pt too high) has occurred while \output is active []




Underfull \vbox (badness 10000) has occurred while \output is active []

 [27
pdfTeX warning (ext4): destination with the same identifier (name{figure.12}) h
as been already used, duplicate ignored
<argument> ...shipout:D \box_use:N \l_shipout_box 
                                                  \__shipout_drop_firstpage_...
l.767 
       <./figure12.pdf>]


Underfull \vbox (badness 10000) has occurred while \output is active []

 [28]
<figure13.pdf, id=1586, 1505.625pt x 2358.8125pt>
File: figure13.pdf Graphic file (type pdf)
<use figure13.pdf>
Package pdftex.def Info: figure13.pdf  used on input line 810.
(pdftex.def)             Requested size: 279.0pt x 437.09334pt.



Underfull \vbox (badness 10000) has occurred while \output is active []

 [29]

LaTeX Warning: Text page 30 contains only floats.


Overfull \vbox (4.64856pt too high) has occurred while \output is active []




Underfull \vbox (badness 10000) has occurred while \output is active []

 [30
pdfTeX warning (ext4): destination with the same identifier (name{figure.13}) h
as been already used, duplicate ignored
<argument> ...shipout:D \box_use:N \l_shipout_box 
                                                  \__shipout_drop_firstpage_...
l.829 
       <./figure13.pdf>]


Underfull \vbox (badness 10000) has occurred while \output is active []

 [31]
<figure14.pdf, id=1667, 1505.625pt x 2158.0625pt>
File: figure14.pdf Graphic file (type pdf)
<use figure14.pdf>
Package pdftex.def Info: figure14.pdf  used on input line 867.
(pdftex.def)             Requested size: 305.04272pt x 437.23578pt.



Underfull \vbox (badness 10000) has occurred while \output is active []

 [32]

LaTeX Warning: Text page 33 contains only floats.


Overfull \vbox (6.34656pt too high) has occurred while \output is active []




Underfull \vbox (badness 10000) has occurred while \output is active []

 [33
pdfTeX warning (ext4): destination with the same identifier (name{figure.14}) h
as been already used, duplicate ignored
<argument> ...shipout:D \box_use:N \l_shipout_box 
                                                  \__shipout_drop_firstpage_...
l.886 T
       he contours for the mRGC-based computations, in contrast, change mark...
 <./figure14.pdf>]


Underfull \vbox (badness 10000) has occurred while \output is active []

 [34]


Underfull \vbox (badness 10000) has occurred while \output is active []

 [35]


Underfull \vbox (badness 10000) has occurred while \output is active []

 [36]
Overfull \hbox (26.00064pt too wide) in paragraph at lines 965--967
\OT1/cmtt/m/n/10.03749 https://github.com/isetbio/isetbio/wiki/Retinal-ganglion
-cell-(RGC)-mosaics\OT1/cmr/m/n/10 ,
 []


LaTeX Warning: No positions in optional float specifier.
               Default added (so using `tbp') on input line 971.

LaTeX Font Info:    Calculating math sizes for size <8.03> on input line 972.

LaTeX Font Warning: Font shape `U/rsfs/m/n' in size <4.015> not available
(Font)              size <5> substituted on input line 972.


Underfull \hbox (badness 1728) in paragraph at lines 978--978
[]\OT1/cmr/m/n/8.03 Visualizes a pre-vi-ously syn-the-sized mRGC
 []


Package hyperref Warning: Difference (2) between bookmark levels is greater 
(hyperref)                than one, level fixed on input line 1011.




Underfull \vbox (badness 10000) has occurred while \output is active []

 [37]
Underfull \hbox (badness 10000) in paragraph at lines 1040--1041

 []




Underfull \vbox (badness 10000) has occurred while \output is active []

 [38
pdfTeX warning (ext4): destination with the same identifier (name{table.1}) has
 been already used, duplicate ignored
<argument> ...shipout:D \box_use:N \l_shipout_box 
                                                  \__shipout_drop_firstpage_...
l.1046 \subsection
                  *{Code availability }]
Underfull \hbox (badness 10000) in paragraph at lines 1047--1048

 []


Overfull \hbox (23.22285pt too wide) in paragraph at lines 1049--1052
\OT1/cmtt/m/n/10.03749 https://github.com/isetbio/isetbio/wiki/Retinal-ganglion
-cell-(RGC)-mosaics 
 []


Underfull \hbox (badness 10000) in paragraph at lines 1049--1052

 []


Underfull \hbox (badness 10000) in paragraph at lines 1054--1068

 []




Underfull \vbox (badness 10000) has occurred while \output is active []

 [39]
pdfTeX warning (ext4): destination with the same identifier (name{equation.1}) 
has been already used, duplicate ignored
<to be read again> 
                   \relax 
l.1084 \begin{equation}
                       
pdfTeX warning (ext4): destination with the same identifier (name{equation.1}) 
has been already used, duplicate ignored
<to be read again> 
                   \relax 
l.1084 \begin{equation}
                       
pdfTeX warning (ext4): destination with the same identifier (name{equation.1}) 
has been already used, duplicate ignored
<to be read again> 
                   \relax 
l.1084 \begin{equation}
                       
pdfTeX warning (ext4): destination with the same identifier (name{equation.1}) 
has been already used, duplicate ignored
<to be read again> 
                   \relax 
l.1084 \begin{equation}
                       


Underfull \vbox (badness 10000) has occurred while \output is active []

 [40]
pdfTeX warning (ext4): destination with the same identifier (name{equation.2}) 
has been already used, duplicate ignored
<to be read again> 
                   \relax 
l.1118 \begin{equation}
                       
pdfTeX warning (ext4): destination with the same identifier (name{equation.2}) 
has been already used, duplicate ignored
<to be read again> 
                   \relax 
l.1118 \begin{equation}
                       
pdfTeX warning (ext4): destination with the same identifier (name{equation.2}) 
has been already used, duplicate ignored
<to be read again> 
                   \relax 
l.1118 \begin{equation}
                       
pdfTeX warning (ext4): destination with the same identifier (name{equation.2}) 
has been already used, duplicate ignored
<to be read again> 
                   \relax 
l.1118 \begin{equation}
                       
pdfTeX warning (ext4): destination with the same identifier (name{equation.3}) 
has been already used, duplicate ignored
<to be read again> 
                   \relax 
l.1128 \begin{equation}
                       
pdfTeX warning (ext4): destination with the same identifier (name{equation.3}) 
has been already used, duplicate ignored
<to be read again> 
                   \relax 
l.1128 \begin{equation}
                       
pdfTeX warning (ext4): destination with the same identifier (name{equation.3}) 
has been already used, duplicate ignored
<to be read again> 
                   \relax 
l.1128 \begin{equation}
                       
pdfTeX warning (ext4): destination with the same identifier (name{equation.3}) 
has been already used, duplicate ignored
<to be read again> 
                   \relax 
l.1128 \begin{equation}
                       
pdfTeX warning (ext4): destination with the same identifier (name{equation.4}) 
has been already used, duplicate ignored
<to be read again> 
                   \relax 
l.1136 \begin{equation}
                       
pdfTeX warning (ext4): destination with the same identifier (name{equation.4}) 
has been already used, duplicate ignored
<to be read again> 
                   \relax 
l.1136 \begin{equation}
                       
pdfTeX warning (ext4): destination with the same identifier (name{equation.4}) 
has been already used, duplicate ignored
<to be read again> 
                   \relax 
l.1136 \begin{equation}
                       
pdfTeX warning (ext4): destination with the same identifier (name{equation.4}) 
has been already used, duplicate ignored
<to be read again> 
                   \relax 
l.1136 \begin{equation}
                       


Underfull \vbox (badness 10000) has occurred while \output is active []

 [41]
pdfTeX warning (ext4): destination with the same identifier (name{equation.5}) 
has been already used, duplicate ignored
<to be read again> 
                   \relax 
l.1144 \begin{equation}
                       
pdfTeX warning (ext4): destination with the same identifier (name{equation.5}) 
has been already used, duplicate ignored
<to be read again> 
                   \relax 
l.1144 \begin{equation}
                       
pdfTeX warning (ext4): destination with the same identifier (name{equation.5}) 
has been already used, duplicate ignored
<to be read again> 
                   \relax 
l.1144 \begin{equation}
                       
pdfTeX warning (ext4): destination with the same identifier (name{equation.5}) 
has been already used, duplicate ignored
<to be read again> 
                   \relax 
l.1144 \begin{equation}
                       


Underfull \vbox (badness 10000) has occurred while \output is active []

 [42]


Underfull \vbox (badness 10000) has occurred while \output is active []

 [43]
<figure15.pdf, id=1839, 1505.625pt x 2007.5pt>
File: figure15.pdf Graphic file (type pdf)
<use figure15.pdf>
Package pdftex.def Info: figure15.pdf  used on input line 1252.
(pdftex.def)             Requested size: 260.39886pt x 347.18245pt.

pdfTeX warning (ext4): destination with the same identifier (name{figure.1}) ha
s been already used, duplicate ignored
<to be read again> 
                   \relax 
l.1253 \caption
               {
pdfTeX warning (ext4): destination with the same identifier (name{figure.1}) ha
s been already used, duplicate ignored
<to be read again> 
                   \relax 
l.1264 }
        


Underfull \vbox (badness 10000) has occurred while \output is active []

 [44]

LaTeX Warning: Text page 45 contains only floats.




Underfull \vbox (badness 10000) has occurred while \output is active []

 [45 <./figure15.pdf>] (./Cottaris_mRGCmosaicModelRevision.bbl
Underfull \hbox (badness 2376) in paragraph at lines 66--81
[]\OT1/cmr/m/n/10 Cottaris, N.P., Jiang, H., Ding, X., Wan-dell, B.A., Brainard
, D.H.: A
 []




Underfull \vbox (badness 10000) has occurred while \output is active []

 [46]


Underfull \vbox (badness 10000) has occurred while \output is active []

 [47]


Underfull \vbox (badness 10000) has occurred while \output is active []

 [48]


Underfull \vbox (badness 10000) has occurred while \output is active []

 [49]


Underfull \vbox (badness 10000) has occurred while \output is active []

 [50]


Underfull \vbox (badness 10000) has occurred while \output is active []

 [51])


Underfull \vbox (badness 10000) has occurred while \output is active []

 [52]
(./Cottaris_mRGCmosaicModelRevision.aux)
 ***********
LaTeX2e <2024-11-01> patch level 2
L3 programming layer <2025-01-18>
 ***********


LaTeX Font Warning: Size substitutions with differences
(Font)              up to 0.985pt have occurred.

Package rerunfilecheck Info: File `Cottaris_mRGCmosaicModelRevision.out' has no
t changed.
(rerunfilecheck)             Checksum: F3FFCC2CC7D5F12CEFB43F2DE5E976F0;11871.
 ) 
Here is how much of TeX's memory you used:
 15202 strings out of 473190
 243369 string characters out of 5715801
 660428 words of memory out of 5000000
 38005 multiletter control sequences out of 15000+600000
 590019 words of font info for 155 fonts, out of 8000000 for 9000
 1151 hyphenation exceptions out of 8191
 90i,17n,93p,2092b,752s stack positions out of 10000i,1000n,20000p,200000b,200000s
</usr/local/texlive/2025/texmf-dist/fonts/type1/public/amsfonts/cm/cmbx10.pfb
></usr/local/texlive/2025/texmf-dist/fonts/type1/public/amsfonts/cm/cmbx12.pfb>
</usr/local/texlive/2025/texmf-dist/fonts/type1/public/amsfonts/cm/cmbx8.pfb></
usr/local/texlive/2025/texmf-dist/fonts/type1/public/amsfonts/cm/cmbx9.pfb></us
r/local/texlive/2025/texmf-dist/fonts/type1/public/amsfonts/cm/cmbxti10.pfb></u
sr/local/texlive/2025/texmf-dist/fonts/type1/public/amsfonts/cm/cmex10.pfb></us
r/local/texlive/2025/texmf-dist/fonts/type1/public/amsfonts/cmextra/cmex8.pfb><
/usr/local/texlive/2025/texmf-dist/fonts/type1/public/amsfonts/cm/cmmi10.pfb></
usr/local/texlive/2025/texmf-dist/fonts/type1/public/amsfonts/cm/cmmi5.pfb></us
r/local/texlive/2025/texmf-dist/fonts/type1/public/amsfonts/cm/cmmi6.pfb></usr/
local/texlive/2025/texmf-dist/fonts/type1/public/amsfonts/cm/cmmi7.pfb></usr/lo
cal/texlive/2025/texmf-dist/fonts/type1/public/amsfonts/cm/cmmi8.pfb></usr/loca
l/texlive/2025/texmf-dist/fonts/type1/public/amsfonts/cm/cmr10.pfb></usr/local/
texlive/2025/texmf-dist/fonts/type1/public/amsfonts/cm/cmr12.pfb></usr/local/te
xlive/2025/texmf-dist/fonts/type1/public/amsfonts/cm/cmr17.pfb></usr/local/texl
ive/2025/texmf-dist/fonts/type1/public/amsfonts/cm/cmr5.pfb></usr/local/texlive
/2025/texmf-dist/fonts/type1/public/amsfonts/cm/cmr6.pfb></usr/local/texlive/20
25/texmf-dist/fonts/type1/public/amsfonts/cm/cmr7.pfb></usr/local/texlive/2025/
texmf-dist/fonts/type1/public/amsfonts/cm/cmr8.pfb></usr/local/texlive/2025/tex
mf-dist/fonts/type1/public/amsfonts/cm/cmr9.pfb></usr/local/texlive/2025/texmf-
dist/fonts/type1/public/amsfonts/cm/cmsy10.pfb></usr/local/texlive/2025/texmf-d
ist/fonts/type1/public/amsfonts/cm/cmsy6.pfb></usr/local/texlive/2025/texmf-dis
t/fonts/type1/public/amsfonts/cm/cmsy7.pfb></usr/local/texlive/2025/texmf-dist/
fonts/type1/public/amsfonts/cm/cmsy8.pfb></usr/local/texlive/2025/texmf-dist/fo
nts/type1/public/amsfonts/cm/cmti10.pfb></usr/local/texlive/2025/texmf-dist/fon
ts/type1/public/amsfonts/cm/cmti8.pfb></usr/local/texlive/2025/texmf-dist/fonts
/type1/public/amsfonts/cm/cmti9.pfb></usr/local/texlive/2025/texmf-dist/fonts/t
ype1/public/amsfonts/cm/cmtt10.pfb></usr/local/texlive/2025/texmf-dist/fonts/ty
pe1/public/amsfonts/cm/cmtt8.pfb></usr/local/texlive/2025/texmf-dist/fonts/type
1/public/cm-super/sfrm1000.pfb>
Output written on Cottaris_mRGCmosaicModelRevision.pdf (52 pages, 54365513 byte
s).
PDF statistics:
 2194 PDF objects out of 2487 (max. 8388607)
 1551 compressed objects within 16 object streams
 200 named destinations out of 1000 (max. 500000)
 364 words of extra memory for PDF output out of 10000 (max. 10000000)

